<?xml version="1.0" encoding="UTF-8"?>
<!-- Generated by org.testng.reporters.JUnitReportReporter -->
<testsuite hostname="LAPTOP-N3N33JA0" failures="0" tests="1" name="Testrune.Testrune" time="6.558" errors="0" timestamp="2024-01-23T07:37:36 PST" skipped="0">
  <testcase classname="Testrune.Testrune" name="feature" time="6.558"/>
  <system-out/>
</testsuite> <!-- Testrune.Testrune -->
